[INFO ] 2020-03-05 19:46:34.541 [main] Log - Scenario start point: Header comparison
[INFO ] 2020-03-05 19:46:43.695 [main] Log - user on: https://dzone.com/articles/gradle-vs-maven
[INFO ] 2020-03-05 19:46:43.762 [main] Log - header taken: Gradle vs. Maven
[INFO ] 2020-03-05 19:46:44.422 [main] Log - user on: https://dzone.com/articles/api-security-weekly-issue-71
[INFO ] 2020-03-05 19:46:44.450 [main] Log - header 2 is taken: API Security Weekly: Issue #71
[WARN ] 2020-03-05 19:46:44.450 [main] Log - Comparing two data
[INFO ] 2020-03-05 20:59:01.001 [main] Log - Scenario start point: Header comparison
[INFO ] 2020-03-05 20:59:12.354 [main] Log - user on: https://dzone.com/articles/gradle-vs-maven
[INFO ] 2020-03-05 20:59:12.461 [main] Log - header taken: Gradle vs. Maven
[INFO ] 2020-03-05 20:59:13.646 [main] Log - user on: https://dzone.com/articles/api-security-weekly-issue-71
[INFO ] 2020-03-05 20:59:13.711 [main] Log - header 2 is taken: API Security Weekly: Issue #71
[WARN ] 2020-03-05 20:59:13.712 [main] Log - Comparing two data
[INFO ] 2020-03-05 21:00:23.217 [main] Log - Scenario start point: Wikipedia Search Functionality Title Verification
[INFO ] 2020-03-05 21:00:30.357 [main] Log - Scenario start point: Wikipedia Search Functionality Header Verification
[INFO ] 2020-03-05 21:00:35.351 [main] Log - Scenario start point: Wikipedia Search Functionality ImageHeader Verification
[INFO ] 2020-03-05 21:00:39.230 [main] Log - Scenario start point: Wikipedia Search Functionality ImageHeader Verification
[INFO ] 2020-03-05 21:00:43.616 [main] Log - Scenario start point: Wikipedia Search Functionality ImageHeader Verification
[INFO ] 2020-03-05 21:00:47.396 [main] Log - Scenario start point: Wikipedia Search Functionality ImageHeader Verification
[INFO ] 2020-03-05 21:00:52.353 [main] Log - Scenario start point: Wikipedia Search Functionality ImageHeader Verification
[INFO ] 2020-03-05 21:00:56.231 [main] Log - Scenario start point: Wikipedia Search Functionality ImageHeader Verification
[INFO ] 2020-03-05 21:03:56.451 [main] Log - Scenario start point: Header comparison
[INFO ] 2020-03-05 21:04:01.788 [main] Log - user on: https://dzone.com/articles/gradle-vs-maven
[INFO ] 2020-03-05 21:04:01.866 [main] Log - header taken: Gradle vs. Maven
[INFO ] 2020-03-05 21:04:02.689 [main] Log - user on: https://dzone.com/articles/api-security-weekly-issue-71
[INFO ] 2020-03-05 21:04:02.708 [main] Log - header 2 is taken: API Security Weekly: Issue #71
[WARN ] 2020-03-05 21:04:02.708 [main] Log - Comparing two data
[INFO ] 2020-03-07 12:22:56.724 [main] Log - Scenario start point: Header comparison
[INFO ] 2020-03-07 12:23:02.172 [main] Log - user on: https://dzone.com/articles/gradle-vs-maven
[INFO ] 2020-03-07 12:23:02.220 [main] Log - header taken: Gradle vs. Maven
[INFO ] 2020-03-07 12:23:03.067 [main] Log - user on: https://dzone.com/articles/api-security-weekly-issue-71
[INFO ] 2020-03-07 12:23:03.084 [main] Log - header 2 is taken: API Security Weekly: Issue #71
[WARN ] 2020-03-07 12:23:03.084 [main] Log - Comparing two data
[INFO ] 2020-03-07 13:57:45.358 [main] Log - Scenario start point: Header comparison
[INFO ] 2020-03-07 13:57:49.226 [main] Log - user on: https://dzone.com/articles/gradle-vs-maven
[INFO ] 2020-03-07 13:57:49.253 [main] Log - header taken: Gradle vs. Maven
[INFO ] 2020-03-07 13:57:50.116 [main] Log - user on: https://dzone.com/articles/api-security-weekly-issue-71
[INFO ] 2020-03-07 13:57:50.135 [main] Log - header 2 is taken: API Security Weekly: Issue #71
[WARN ] 2020-03-07 13:57:50.136 [main] Log - Comparing two data
[INFO ] 2020-03-07 14:21:22.378 [main] Log - Scenario start point: Header comparison
[INFO ] 2020-03-07 14:21:26.080 [main] Log - user on: https://dzone.com/articles/gradle-vs-maven
[INFO ] 2020-03-07 14:21:26.152 [main] Log - header taken: Gradle vs. Maven
[INFO ] 2020-03-07 14:21:27.043 [main] Log - user on: https://dzone.com/articles/api-security-weekly-issue-71
[INFO ] 2020-03-07 14:21:27.062 [main] Log - header 2 is taken: API Security Weekly: Issue #71
[WARN ] 2020-03-07 14:21:27.062 [main] Log - Comparing two data
[INFO ] 2020-03-07 14:24:50.458 [main] Log - Scenario start point: Google title verification
[INFO ] 2020-03-07 14:42:54.440 [main] Log - Scenario start point: Header comparison
[INFO ] 2020-03-07 14:42:57.991 [main] Log - user on: https://dzone.com/articles/gradle-vs-maven
[INFO ] 2020-03-07 14:42:58.054 [main] Log - header taken: Gradle vs. Maven
[INFO ] 2020-03-07 14:42:58.773 [main] Log - user on: https://dzone.com/articles/api-security-weekly-issue-71
[INFO ] 2020-03-07 14:42:58.798 [main] Log - header 2 is taken: API Security Weekly: Issue #71
[WARN ] 2020-03-07 14:42:58.799 [main] Log - Comparing two data
[INFO ] 2020-03-07 16:23:48.960 [main] Log - Scenario start point: Google title verification
[INFO ] 2020-03-21 16:54:48.268 [main] Log - Scenario start point: Positive teacher deleting
[INFO ] 2020-03-21 16:56:52.055 [main] Log - Scenario start point: Positive teacher deleting
[INFO ] 2020-03-21 17:04:58.156 [main] Log - Scenario start point: Positive teacher deleting
[INFO ] 2020-03-22 12:49:37.732 [main] Log - Scenario start point: UI vs API cross data validation
[INFO ] 2020-03-22 12:53:12.654 [main] Log - Scenario start point: UI vs API cross data validation
[INFO ] 2020-03-22 13:03:58.183 [main] Log - Scenario start point: UI vs API cross data validation
[INFO ] 2020-03-22 13:11:20.200 [main] Log - Scenario start point: UI vs API cross data validation
[INFO ] 2020-03-22 13:14:50.718 [main] Log - Scenario start point: UI vs API cross data validation
[INFO ] 2020-03-22 13:14:59.644 [main] Log - Scenario start point: UI vs API cross data validation
[INFO ] 2020-03-22 13:18:15.807 [main] Log - Scenario start point: UI vs API cross data validation
[INFO ] 2020-03-22 13:18:25.174 [main] Log - Scenario start point: UI vs API cross data validation
[INFO ] 2020-03-22 16:39:43.792 [main] Log - Scenario start point: UI vs API cross data validation with name
[INFO ] 2020-03-22 16:47:19.005 [main] Log - Scenario start point: UI vs API cross data validation with name
[INFO ] 2020-03-22 16:55:20.202 [main] Log - Scenario start point: UI vs API cross data validation with name
[INFO ] 2020-03-25 19:10:16.814 [main] Log - Scenario start point: Getting list of Students by Batch Number
[INFO ] 2020-03-25 19:10:18.546 [main] Log - Scenario start point: Getting list of Students by Batch Number
[INFO ] 2020-03-25 19:51:05.356 [main] Log - Scenario start point: Deleting student End to End scenario
[INFO ] 2020-03-25 19:51:44.676 [main] Log - Scenario start point: Deleting student End to End scenario
[INFO ] 2020-03-25 19:53:11.949 [main] Log - Scenario start point: Deleting student End to End scenario
[INFO ] 2020-03-25 20:28:54.771 [main] Log - Scenario start point: Student creation with API E2E scenario
[INFO ] 2020-03-25 20:46:41.918 [main] Log - Scenario start point: Student creation with API E2E scenario
[INFO ] 2020-03-25 20:52:21.550 [main] Log - Scenario start point: Getting list of Students by Batch Number
[INFO ] 2020-03-25 20:52:24.741 [main] Log - Scenario start point: Getting list of Students by Batch Number
[INFO ] 2020-03-25 20:55:27.136 [main] Log - Scenario start point: Getting list of Students by Batch Number
[INFO ] 2020-05-27 03:30:07.287 [main] Log - Scenario start point: Getting list of Students by Batch Number
[INFO ] 2020-06-14 16:55:07.235 [main] Log - Scenario start point: verify login functionality
[INFO ] 2020-06-14 16:55:15.510 [main] Log - Scenario start point: verify login functionality
[INFO ] 2020-06-14 16:56:07.407 [main] Log - Scenario start point: verify login functionality
[INFO ] 2020-06-14 16:56:11.348 [main] Log - Scenario start point: verify login functionality
[INFO ] 2020-06-14 17:03:27.131 [main] Log - Scenario start point: verify login functionality
[INFO ] 2020-06-14 17:03:31.821 [main] Log - Scenario start point: verify login functionality
[INFO ] 2020-06-14 17:17:50.612 [main] Log - Scenario start point: verify login functionality
[INFO ] 2020-06-14 17:17:53.918 [main] Log - Scenario start point: verify login functionality
[INFO ] 2020-06-14 18:31:34.144 [main] Log - Scenario start point: verify login functionality
[INFO ] 2020-06-14 18:31:39.984 [main] Log - Scenario start point: verify login functionality
[INFO ] 2020-06-14 18:33:39.905 [main] Log - Scenario start point: verify login functionality
[INFO ] 2020-06-14 18:33:44.118 [main] Log - Scenario start point: verify login functionality
[INFO ] 2020-06-14 18:34:28.844 [main] Log - Scenario start point: verify login functionality
[INFO ] 2020-06-14 18:34:33.193 [main] Log - Scenario start point: verify login functionality
[INFO ] 2020-06-14 18:35:43.210 [main] Log - Scenario start point: verify login functionality
[INFO ] 2020-06-14 18:35:47.503 [main] Log - Scenario start point: verify login functionality
[INFO ] 2020-06-14 19:11:10.277 [main] Log - Scenario start point: verify login functionality
[INFO ] 2020-06-14 19:11:16.084 [main] Log - Scenario start point: verify login functionality
[INFO ] 2020-06-14 19:13:27.479 [main] Log - Scenario start point: verify login functionality
[INFO ] 2020-06-14 19:13:31.388 [main] Log - Scenario start point: verify login functionality
[INFO ] 2020-06-14 19:14:44.827 [main] Log - Scenario start point: verify login functionality
[INFO ] 2020-06-14 19:14:48.597 [main] Log - Scenario start point: verify login functionality
[INFO ] 2020-06-14 19:19:52.390 [main] Log - Scenario start point: verify login functionality
[INFO ] 2020-06-14 19:19:56.823 [main] Log - Scenario start point: verify login functionality
[INFO ] 2020-06-14 19:26:48.614 [main] Log - Scenario start point: verify login functionality
[INFO ] 2020-06-14 19:26:53.335 [main] Log - Scenario start point: verify login functionality
[INFO ] 2020-06-14 19:29:53.737 [main] Log - Scenario start point: verify login functionality
[INFO ] 2020-06-14 19:29:57.654 [main] Log - Scenario start point: verify login functionality
[INFO ] 2020-06-14 19:32:21.457 [main] Log - Scenario start point: verify login functionality
[INFO ] 2020-06-14 19:32:25.425 [main] Log - Scenario start point: verify login functionality
[INFO ] 2020-06-15 15:15:21.810 [main] Log - Scenario start point: Header comparison
[INFO ] 2020-06-15 15:15:33.127 [main] Log - user on: https://dzone.com/articles/gradle-vs-maven
[INFO ] 2020-06-15 15:15:33.375 [main] Log - header taken: Gradle vs. Maven
[INFO ] 2020-06-15 15:15:36.024 [main] Log - user on: https://dzone.com/articles/api-security-weekly-issue-71
[INFO ] 2020-06-15 15:15:36.193 [main] Log - header 2 is taken: API Security Weekly: Issue #71
[WARN ] 2020-06-15 15:15:36.193 [main] Log - Comparing two data
[INFO ] 2020-06-16 17:03:10.109 [main] Log - Scenario start point: Verify Collaboration menu options
[INFO ] 2020-06-16 17:06:08.983 [main] Log - Scenario start point: Verify Collaboration menu options
[INFO ] 2020-06-16 17:11:17.381 [main] Log - Scenario start point: 
[INFO ] 2020-06-16 17:11:17.569 [main] Log - Scenario start point: 
[INFO ] 2020-06-16 17:11:17.588 [main] Log - Scenario start point: 
[INFO ] 2020-06-16 17:28:03.213 [main] Log - Scenario start point: Create contact using a map
[INFO ] 2020-06-16 17:30:27.274 [main] Log - Scenario start point: Create contact using a map
[INFO ] 2020-06-23 15:34:34.131 [main] Log - Scenario start point: Positive teacher deleting
[INFO ] 2020-06-23 19:32:12.676 [main] Log - Scenario start point: UI vs API cross data validation
[INFO ] 2020-06-23 19:32:26.992 [main] Log - Scenario start point: UI vs API cross data validation
[INFO ] 2020-06-23 19:37:17.388 [main] Log - Scenario start point: UI vs API cross data validation
[INFO ] 2020-06-23 19:37:30.516 [main] Log - Scenario start point: UI vs API cross data validation
[INFO ] 2020-06-23 19:38:46.405 [main] Log - Scenario start point: UI vs API cross data validation
[INFO ] 2020-06-23 19:38:56.242 [main] Log - Scenario start point: UI vs API cross data validation
[INFO ] 2020-06-26 15:17:28.021 [main] Log - Scenario start point: UI vs API cross data validation
[INFO ] 2020-06-26 15:17:43.783 [main] Log - Scenario start point: UI vs API cross data validation
[INFO ] 2020-06-26 15:17:51.440 [main] Log - Scenario start point: Ui vs api cross validation
[INFO ] 2020-06-26 15:20:38.470 [main] Log - Scenario start point: UI vs API cross data validation
[INFO ] 2020-06-26 15:20:49.239 [main] Log - Scenario start point: UI vs API cross data validation
[INFO ] 2020-06-26 15:20:56.311 [main] Log - Scenario start point: Ui vs api cross validation
[INFO ] 2020-06-27 16:07:22.494 [main] Log - Scenario start point: Getting list of Students by Batch Number
[INFO ] 2020-06-27 16:08:51.886 [main] Log - Scenario start point: Getting list of Students by Batch Number
[INFO ] 2020-06-27 16:10:50.379 [main] Log - Scenario start point: Getting list of Students by Batch Number
[INFO ] 2020-06-27 16:10:55.397 [main] Log - Scenario start point: Getting list of Students by Batch Number
[INFO ] 2020-06-27 16:20:21.611 [main] Log - Scenario start point: Getting list of Students by Batch Number
[INFO ] 2020-06-27 16:20:27.133 [main] Log - Scenario start point: Getting list of Students by Batch Number
[INFO ] 2020-06-30 21:41:20.587 [main] Log - Scenario start point: 
[INFO ] 2020-06-30 21:41:20.786 [main] Log - Scenario start point: 
[INFO ] 2020-06-30 21:41:20.792 [main] Log - Scenario start point: 
[INFO ] 2020-06-30 21:41:20.799 [main] Log - Scenario start point: 
[INFO ] 2020-06-30 21:42:56.746 [main] Log - Scenario start point: 
[INFO ] 2020-06-30 21:42:56.954 [main] Log - Scenario start point: 
[INFO ] 2020-06-30 21:42:56.960 [main] Log - Scenario start point: 
[INFO ] 2020-06-30 21:42:56.965 [main] Log - Scenario start point: 
[INFO ] 2020-07-25 16:07:32.464 [main] Log - Scenario start point: a
[INFO ] 2020-07-25 16:08:45.179 [main] Log - Scenario start point: a
[INFO ] 2020-07-25 16:09:22.212 [main] Log - Scenario start point: a
